Analysis & Synthesis report for ProjetoNibble
Mon Nov  7 09:00:20 2016
Quartus Prime Version 16.0.0 Build 211 04/27/2016 SJ Lite Edition


---------------------
; Table of Contents ;
---------------------
  1. Legal Notice
  2. Analysis & Synthesis Summary
  3. Analysis & Synthesis Settings
  4. Parallel Compilation
  5. Analysis & Synthesis Source Files Read
  6. Analysis & Synthesis Resource Usage Summary
  7. Analysis & Synthesis Resource Utilization by Entity
  8. General Register Statistics
  9. Post-Synthesis Netlist Statistics for Top Partition
 10. Elapsed Time Per Partition
 11. Analysis & Synthesis Messages



----------------
; Legal Notice ;
----------------
Copyright (C) 1991-2016 Altera Corporation. All rights reserved.
Your use of Altera Corporation's design tools, logic functions 
and other software and tools, and its AMPP partner logic 
functions, and any output files from any of the foregoing 
(including device programming or simulation files), and any 
associated documentation or information are expressly subject 
to the terms and conditions of the Altera Program License 
Subscription Agreement, the Altera Quartus Prime License Agreement,
the Altera MegaCore Function License Agreement, or other 
applicable license agreement, including, without limitation, 
that your use is for the sole purpose of programming logic 
devices manufactured by Altera and sold by Altera or its 
authorized distributors.  Please refer to the applicable 
agreement for further details.



+-------------------------------------------------------------------------------+
; Analysis & Synthesis Summary                                                  ;
+---------------------------------+---------------------------------------------+
; Analysis & Synthesis Status     ; Successful - Mon Nov  7 09:00:20 2016       ;
; Quartus Prime Version           ; 16.0.0 Build 211 04/27/2016 SJ Lite Edition ;
; Revision Name                   ; ProjetoNibble                               ;
; Top-level Entity Name           ; Main                                        ;
; Family                          ; Cyclone V                                   ;
; Logic utilization (in ALMs)     ; N/A                                         ;
; Total registers                 ; 0                                           ;
; Total pins                      ; 2                                           ;
; Total virtual pins              ; 0                                           ;
; Total block memory bits         ; 0                                           ;
; Total DSP Blocks                ; 0                                           ;
; Total HSSI RX PCSs              ; 0                                           ;
; Total HSSI PMA RX Deserializers ; 0                                           ;
; Total HSSI TX PCSs              ; 0                                           ;
; Total HSSI PMA TX Serializers   ; 0                                           ;
; Total PLLs                      ; 0                                           ;
; Total DLLs                      ; 0                                           ;
+---------------------------------+---------------------------------------------+


+---------------------------------------------------------------------------------------------------------------------------+
; Analysis & Synthesis Settings                                                                                             ;
+---------------------------------------------------------------------------------+--------------------+--------------------+
; Option                                                                          ; Setting            ; Default Value      ;
+---------------------------------------------------------------------------------+--------------------+--------------------+
; Device                                                                          ; 5CGXFC7C7F23C8     ;                    ;
; Top-level entity name                                                           ; Main               ; ProjetoNibble      ;
; Family name                                                                     ; Cyclone V          ; Cyclone V          ;
; Use smart compilation                                                           ; Off                ; Off                ;
; Enable parallel Assembler and TimeQuest Timing Analyzer during compilation      ; On                 ; On                 ;
; Enable compact report table                                                     ; Off                ; Off                ;
; Restructure Multiplexers                                                        ; Auto               ; Auto               ;
; MLAB Add Timing Constraints For Mixed-Port Feed-Through Mode Setting Don't Care ; Off                ; Off                ;
; Create Debugging Nodes for IP Cores                                             ; Off                ; Off                ;
; Preserve fewer node names                                                       ; On                 ; On                 ;
; Disable OpenCore Plus hardware evaluation                                       ; Off                ; Off                ;
; Verilog Version                                                                 ; Verilog_2001       ; Verilog_2001       ;
; VHDL Version                                                                    ; VHDL_1993          ; VHDL_1993          ;
; State Machine Processing                                                        ; Auto               ; Auto               ;
; Safe State Machine                                                              ; Off                ; Off                ;
; Extract Verilog State Machines                                                  ; On                 ; On                 ;
; Extract VHDL State Machines                                                     ; On                 ; On                 ;
; Ignore Verilog initial constructs                                               ; Off                ; Off                ;
; Iteration limit for constant Verilog loops                                      ; 5000               ; 5000               ;
; Iteration limit for non-constant Verilog loops                                  ; 250                ; 250                ;
; Add Pass-Through Logic to Inferred RAMs                                         ; On                 ; On                 ;
; Infer RAMs from Raw Logic                                                       ; On                 ; On                 ;
; Parallel Synthesis                                                              ; On                 ; On                 ;
; DSP Block Balancing                                                             ; Auto               ; Auto               ;
; NOT Gate Push-Back                                                              ; On                 ; On                 ;
; Power-Up Don't Care                                                             ; On                 ; On                 ;
; Remove Redundant Logic Cells                                                    ; Off                ; Off                ;
; Remove Duplicate Registers                                                      ; On                 ; On                 ;
; Ignore CARRY Buffers                                                            ; Off                ; Off                ;
; Ignore CASCADE Buffers                                                          ; Off                ; Off                ;
; Ignore GLOBAL Buffers                                                           ; Off                ; Off                ;
; Ignore ROW GLOBAL Buffers                                                       ; Off                ; Off                ;
; Ignore LCELL Buffers                                                            ; Off                ; Off                ;
; Ignore SOFT Buffers                                                             ; On                 ; On                 ;
; Limit AHDL Integers to 32 Bits                                                  ; Off                ; Off                ;
; Optimization Technique                                                          ; Balanced           ; Balanced           ;
; Carry Chain Length                                                              ; 70                 ; 70                 ;
; Auto Carry Chains                                                               ; On                 ; On                 ;
; Auto Open-Drain Pins                                                            ; On                 ; On                 ;
; Perform WYSIWYG Primitive Resynthesis                                           ; Off                ; Off                ;
; Auto ROM Replacement                                                            ; On                 ; On                 ;
; Auto RAM Replacement                                                            ; On                 ; On                 ;
; Auto DSP Block Replacement                                                      ; On                 ; On                 ;
; Auto Shift Register Replacement                                                 ; Auto               ; Auto               ;
; Allow Shift Register Merging across Hierarchies                                 ; Auto               ; Auto               ;
; Auto Clock Enable Replacement                                                   ; On                 ; On                 ;
; Strict RAM Replacement                                                          ; Off                ; Off                ;
; Allow Synchronous Control Signals                                               ; On                 ; On                 ;
; Force Use of Synchronous Clear Signals                                          ; Off                ; Off                ;
; Auto Resource Sharing                                                           ; Off                ; Off                ;
; Allow Any RAM Size For Recognition                                              ; Off                ; Off                ;
; Allow Any ROM Size For Recognition                                              ; Off                ; Off                ;
; Allow Any Shift Register Size For Recognition                                   ; Off                ; Off                ;
; Use LogicLock Constraints during Resource Balancing                             ; On                 ; On                 ;
; Ignore translate_off and synthesis_off directives                               ; Off                ; Off                ;
; Timing-Driven Synthesis                                                         ; On                 ; On                 ;
; Report Parameter Settings                                                       ; On                 ; On                 ;
; Report Source Assignments                                                       ; On                 ; On                 ;
; Report Connectivity Checks                                                      ; On                 ; On                 ;
; Ignore Maximum Fan-Out Assignments                                              ; Off                ; Off                ;
; Synchronization Register Chain Length                                           ; 3                  ; 3                  ;
; PowerPlay Power Optimization During Synthesis                                   ; Normal compilation ; Normal compilation ;
; HDL message level                                                               ; Level2             ; Level2             ;
; Suppress Register Optimization Related Messages                                 ; Off                ; Off                ;
; Number of Removed Registers Reported in Synthesis Report                        ; 5000               ; 5000               ;
; Number of Swept Nodes Reported in Synthesis Report                              ; 5000               ; 5000               ;
; Number of Inverted Registers Reported in Synthesis Report                       ; 100                ; 100                ;
; Clock MUX Protection                                                            ; On                 ; On                 ;
; Auto Gated Clock Conversion                                                     ; Off                ; Off                ;
; Block Design Naming                                                             ; Auto               ; Auto               ;
; SDC constraint protection                                                       ; Off                ; Off                ;
; Synthesis Effort                                                                ; Auto               ; Auto               ;
; Shift Register Replacement - Allow Asynchronous Clear Signal                    ; On                 ; On                 ;
; Pre-Mapping Resynthesis Optimization                                            ; Off                ; Off                ;
; Analysis & Synthesis Message Level                                              ; Medium             ; Medium             ;
; Disable Register Merging Across Hierarchies                                     ; Auto               ; Auto               ;
; Resource Aware Inference For Block RAM                                          ; On                 ; On                 ;
; Synthesis Seed                                                                  ; 1                  ; 1                  ;
; Automatic Parallel Synthesis                                                    ; On                 ; On                 ;
; Partial Reconfiguration Bitstream ID                                            ; Off                ; Off                ;
+---------------------------------------------------------------------------------+--------------------+--------------------+


Parallel compilation was disabled, but you have multiple processors available. Enable parallel compilation to reduce compilation time.
+-------------------------------------+
; Parallel Compilation                ;
+----------------------------+--------+
; Processors                 ; Number ;
+----------------------------+--------+
; Number detected on machine ; 4      ;
; Maximum allowed            ; 1      ;
+----------------------------+--------+


+----------------------------------------------------------------------------------------------------------------------------------------------------------------------------+
; Analysis & Synthesis Source Files Read                                                                                                                                     ;
+----------------------------------+-----------------+------------------------------------------+------------------------------------------------------------------+---------+
; File Name with User-Entered Path ; Used in Netlist ; File Type                                ; File Name with Absolute Path                                     ; Library ;
+----------------------------------+-----------------+------------------------------------------+------------------------------------------------------------------+---------+
; Suc5bitR.bdf                     ; yes             ; User Block Diagram/Schematic File        ; /home/pedro/projectNibble/ProjetoNibble/Suc5bitR.bdf             ;         ;
; dffe5.bdf                        ; yes             ; User Block Diagram/Schematic File        ; /home/pedro/projectNibble/ProjetoNibble/dffe5.bdf                ;         ;
; dffe6.bdf                        ; yes             ; User Block Diagram/Schematic File        ; /home/pedro/projectNibble/ProjetoNibble/dffe6.bdf                ;         ;
; Main.bdf                         ; yes             ; User Block Diagram/Schematic File        ; /home/pedro/projectNibble/ProjetoNibble/Main.bdf                 ;         ;
; Suc5bits.bdf                     ; yes             ; User Block Diagram/Schematic File        ; /home/pedro/projectNibble/ProjetoNibble/Suc5bits.bdf             ;         ;
; dffe4.bdf                        ; yes             ; User Block Diagram/Schematic File        ; /home/pedro/projectNibble/ProjetoNibble/dffe4.bdf                ;         ;
; Add18its.bdf                     ; yes             ; User Block Diagram/Schematic File        ; /home/pedro/projectNibble/ProjetoNibble/Add18its.bdf             ;         ;
; single_port_rom.v                ; yes             ; User Verilog HDL File                    ; /home/pedro/projectNibble/ProjetoNibble/single_port_rom.v        ;         ;
; Transform5for4.bdf               ; yes             ; User Block Diagram/Schematic File        ; /home/pedro/projectNibble/ProjetoNibble/Transform5for4.bdf       ;         ;
; dffe24.bdf                       ; yes             ; User Block Diagram/Schematic File        ; /home/pedro/projectNibble/ProjetoNibble/dffe24.bdf               ;         ;
; dffe8.bdf                        ; yes             ; User Block Diagram/Schematic File        ; /home/pedro/projectNibble/ProjetoNibble/dffe8.bdf                ;         ;
; Decoder.bdf                      ; yes             ; User Block Diagram/Schematic File        ; /home/pedro/projectNibble/ProjetoNibble/Decoder.bdf              ;         ;
; dffe3.bdf                        ; yes             ; User Block Diagram/Schematic File        ; /home/pedro/projectNibble/ProjetoNibble/dffe3.bdf                ;         ;
; mux2.v                           ; yes             ; User Verilog HDL File                    ; /home/pedro/projectNibble/ProjetoNibble/mux2.v                   ;         ;
; Add8bits.bdf                     ; yes             ; User Block Diagram/Schematic File        ; /home/pedro/projectNibble/ProjetoNibble/Add8bits.bdf             ;         ;
; Complemento2.bdf                 ; yes             ; User Block Diagram/Schematic File        ; /home/pedro/projectNibble/ProjetoNibble/Complemento2.bdf         ;         ;
; single_port_ram.v                ; yes             ; User Verilog HDL File                    ; /home/pedro/projectNibble/ProjetoNibble/single_port_ram.v        ;         ;
; State.bdf                        ; yes             ; User Block Diagram/Schematic File        ; /home/pedro/projectNibble/ProjetoNibble/State.bdf                ;         ;
; CentralControl.bdf               ; yes             ; User Block Diagram/Schematic File        ; /home/pedro/projectNibble/ProjetoNibble/CentralControl.bdf       ;         ;
; single_port_rom_init.txt         ; yes             ; Auto-Found File                          ; /home/pedro/projectNibble/ProjetoNibble/single_port_rom_init.txt ;         ;
; not8.bdf                         ; yes             ; Auto-Found Block Diagram/Schematic File  ; /home/pedro/projectNibble/ProjetoNibble/not8.bdf                 ;         ;
+----------------------------------+-----------------+------------------------------------------+------------------------------------------------------------------+---------+


+-----------------------------------------------------+
; Analysis & Synthesis Resource Usage Summary         ;
+---------------------------------------------+-------+
; Resource                                    ; Usage ;
+---------------------------------------------+-------+
; Estimate of Logic utilization (ALMs needed) ; 0     ;
;                                             ;       ;
; Combinational ALUT usage for logic          ; 0     ;
;     -- 7 input functions                    ; 0     ;
;     -- 6 input functions                    ; 0     ;
;     -- 5 input functions                    ; 0     ;
;     -- 4 input functions                    ; 0     ;
;     -- <=3 input functions                  ; 0     ;
;                                             ;       ;
; Dedicated logic registers                   ; 0     ;
;                                             ;       ;
; I/O pins                                    ; 2     ;
;                                             ;       ;
; Total DSP Blocks                            ; 0     ;
;                                             ;       ;
; Maximum fan-out node                        ; CLK   ;
; Maximum fan-out                             ; 1     ;
; Total fan-out                               ; 2     ;
; Average fan-out                             ; 0.50  ;
+---------------------------------------------+-------+


+-------------------------------------------------------------------------------------------------------------------------------------------------------------------------+
; Analysis & Synthesis Resource Utilization by Entity                                                                                                                     ;
+----------------------------+-------------------+--------------+-------------------+------------+------+--------------+---------------------+-------------+--------------+
; Compilation Hierarchy Node ; LC Combinationals ; LC Registers ; Block Memory Bits ; DSP Blocks ; Pins ; Virtual Pins ; Full Hierarchy Name ; Entity Name ; Library Name ;
+----------------------------+-------------------+--------------+-------------------+------------+------+--------------+---------------------+-------------+--------------+
; |Main                      ; 0 (0)             ; 0 (0)        ; 0                 ; 0          ; 2    ; 0            ; |Main               ; Main        ; work         ;
+----------------------------+-------------------+--------------+-------------------+------------+------+--------------+---------------------+-------------+--------------+
Note: For table entries with two numbers listed, the numbers in parentheses indicate the number of resources of the given type used by the specific entity alone. The numbers listed outside of parentheses indicate the total resources of the given type used by the specific entity and all of its sub-entities in the hierarchy.


+------------------------------------------------------+
; General Register Statistics                          ;
+----------------------------------------------+-------+
; Statistic                                    ; Value ;
+----------------------------------------------+-------+
; Total registers                              ; 0     ;
; Number of registers using Synchronous Clear  ; 0     ;
; Number of registers using Synchronous Load   ; 0     ;
; Number of registers using Asynchronous Clear ; 0     ;
; Number of registers using Asynchronous Load  ; 0     ;
; Number of registers using Clock Enable       ; 0     ;
; Number of registers using Preset             ; 0     ;
+----------------------------------------------+-------+


+-----------------------------------------------------+
; Post-Synthesis Netlist Statistics for Top Partition ;
+-------------------+---------------------------------+
; Type              ; Count                           ;
+-------------------+---------------------------------+
; boundary_port     ; 2                               ;
;                   ;                                 ;
; Max LUT depth     ; 0.00                            ;
; Average LUT depth ; 0.00                            ;
+-------------------+---------------------------------+


+-------------------------------+
; Elapsed Time Per Partition    ;
+----------------+--------------+
; Partition Name ; Elapsed Time ;
+----------------+--------------+
; Top            ; 00:00:00     ;
+----------------+--------------+


+-------------------------------+
; Analysis & Synthesis Messages ;
+-------------------------------+
Info: *******************************************************************
Info: Running Quartus Prime Analysis & Synthesis
    Info: Version 16.0.0 Build 211 04/27/2016 SJ Lite Edition
    Info: Processing started: Mon Nov  7 09:00:06 2016
Info: Command: quartus_map --read_settings_files=on --write_settings_files=off ProjetoNibble -c ProjetoNibble
Warning (20028): Parallel compilation is not licensed and has been disabled
Info (12021): Found 1 design units, including 1 entities, in source file Suc5bitR.bdf
    Info (12023): Found entity 1: Suc5bitR
Info (12021): Found 1 design units, including 1 entities, in source file dffe5.bdf
    Info (12023): Found entity 1: dffe5
Info (12021): Found 1 design units, including 1 entities, in source file dffe6.bdf
    Info (12023): Found entity 1: dffe6
Info (12021): Found 1 design units, including 1 entities, in source file Main.bdf
    Info (12023): Found entity 1: Main
Info (12021): Found 1 design units, including 1 entities, in source file Suc5bits.bdf
    Info (12023): Found entity 1: Suc5bits
Info (12021): Found 1 design units, including 1 entities, in source file dffe4.bdf
    Info (12023): Found entity 1: dffe4
Info (12021): Found 1 design units, including 1 entities, in source file Add18its.bdf
    Info (12023): Found entity 1: Add18its
Info (12021): Found 1 design units, including 1 entities, in source file single_port_rom.v
    Info (12023): Found entity 1: single_port_rom File: /home/pedro/projectNibble/ProjetoNibble/single_port_rom.v Line: 4
Info (12021): Found 1 design units, including 1 entities, in source file Transform5for4.bdf
    Info (12023): Found entity 1: Transform5for4
Info (12021): Found 1 design units, including 1 entities, in source file dffe24.bdf
    Info (12023): Found entity 1: dffe24
Info (12021): Found 1 design units, including 1 entities, in source file dffe8.bdf
    Info (12023): Found entity 1: dffe8
Info (12021): Found 1 design units, including 1 entities, in source file Decoder.bdf
    Info (12023): Found entity 1: Decoder
Info (12021): Found 1 design units, including 1 entities, in source file dffe3.bdf
    Info (12023): Found entity 1: dffe3
Info (12021): Found 1 design units, including 1 entities, in source file mux2.v
    Info (12023): Found entity 1: mux2 File: /home/pedro/projectNibble/ProjetoNibble/mux2.v Line: 1
Info (12021): Found 1 design units, including 1 entities, in source file Add8bits.bdf
    Info (12023): Found entity 1: Add8bits
Info (12021): Found 1 design units, including 1 entities, in source file Complemento2.bdf
    Info (12023): Found entity 1: Complemento2
Info (12021): Found 1 design units, including 1 entities, in source file single_port_ram.v
    Info (12023): Found entity 1: single_port_ram File: /home/pedro/projectNibble/ProjetoNibble/single_port_ram.v Line: 4
Info (12021): Found 1 design units, including 1 entities, in source file State.bdf
    Info (12023): Found entity 1: State
Info (12021): Found 1 design units, including 1 entities, in source file CentralControl.bdf
    Info (12023): Found entity 1: CentralControl
Info (12127): Elaborating entity "Main" for the top level hierarchy
Info (12128): Elaborating entity "Decoder" for hierarchy "Decoder:Decoder_"
Info (12128): Elaborating entity "dffe24" for hierarchy "dffe24:inst8"
Info (12128): Elaborating entity "dffe8" for hierarchy "dffe24:inst8|dffe8:inst"
Info (12128): Elaborating entity "dffe4" for hierarchy "dffe24:inst8|dffe8:inst|dffe4:inst"
Info (12128): Elaborating entity "CentralControl" for hierarchy "CentralControl:inst1"
Info (12128): Elaborating entity "dffe3" for hierarchy "CentralControl:inst1|dffe3:inst1"
Info (12128): Elaborating entity "State" for hierarchy "CentralControl:inst1|State:inst"
Info (12128): Elaborating entity "single_port_rom" for hierarchy "single_port_rom:inst5"
Warning (10850): Verilog HDL warning at single_port_rom.v(24): number of words (13) in memory file does not match the number of elements in the address range [0:31] File: /home/pedro/projectNibble/ProjetoNibble/single_port_rom.v Line: 24
Warning (10030): Net "rom.data_a" at single_port_rom.v(12) has no driver or initial value, using a default initial value '0' File: /home/pedro/projectNibble/ProjetoNibble/single_port_rom.v Line: 12
Warning (10030): Net "rom.waddr_a" at single_port_rom.v(12) has no driver or initial value, using a default initial value '0' File: /home/pedro/projectNibble/ProjetoNibble/single_port_rom.v Line: 12
Warning (10030): Net "rom.we_a" at single_port_rom.v(12) has no driver or initial value, using a default initial value '0' File: /home/pedro/projectNibble/ProjetoNibble/single_port_rom.v Line: 12
Info (12128): Elaborating entity "Transform5for4" for hierarchy "Transform5for4:inst6"
Info (12128): Elaborating entity "dffe6" for hierarchy "dffe6:inst3"
Info (12128): Elaborating entity "dffe5" for hierarchy "dffe6:inst3|dffe5:inst"
Info (12128): Elaborating entity "Suc5bitR" for hierarchy "Suc5bitR:inst"
Info (12128): Elaborating entity "Suc5bits" for hierarchy "Suc5bitR:inst|Suc5bits:inst"
Info (12128): Elaborating entity "Add18its" for hierarchy "Suc5bitR:inst|Suc5bits:inst|Add18its:inst6"
Info (12128): Elaborating entity "Add8bits" for hierarchy "Add8bits:inst13"
Info (12128): Elaborating entity "mux2" for hierarchy "mux2:inst16"
Info (12128): Elaborating entity "Complemento2" for hierarchy "Complemento2:inst15"
Warning (12125): Using design file not8.bdf, which is not specified as a design file for the current project, but contains definitions for 1 design units and 1 entities in project
    Info (12023): Found entity 1: not8
Info (12128): Elaborating entity "not8" for hierarchy "Complemento2:inst15|not8:inst11"
Info (12128): Elaborating entity "single_port_ram" for hierarchy "single_port_ram:inst17"
Info (16010): Generating hard_block partition "hard_block:auto_generated_inst"
    Info (16011): Adding 0 node(s), including 0 DDIO, 0 PLL, 0 transceiver and 0 LCELL
Warning (21074): Design contains 2 input pin(s) that do not drive logic
    Warning (15610): No output dependent on input pin "CLK"
    Warning (15610): No output dependent on input pin "CLRN"
Info (21057): Implemented 2 device resources after synthesis - the final resource count might be different
    Info (21058): Implemented 2 input pins
    Info (21059): Implemented 0 output pins
Info: Quartus Prime Analysis & Synthesis was successful. 0 errors, 9 warnings
    Info: Peak virtual memory: 1282 megabytes
    Info: Processing ended: Mon Nov  7 09:00:20 2016
    Info: Elapsed time: 00:00:14
    Info: Total CPU time (on all processors): 00:00:37


